<?xml version="1.0" encoding="UTF-8"?>
<!-- Generated by org.testng.reporters.JUnitReportReporter -->
<testsuite hostname="DESKTOP-SVPVN37" failures="0" tests="1" name="com.qa.testLayer.StockBuyTest" time="34.954" errors="0" timestamp="2022-07-21T11:49:47 IST" skipped="0">
  <testcase classname="com.qa.testLayer.StockBuyTest" name="verifyStockBuyPage" time="34.954"/>
  <system-out/>
</testsuite> <!-- com.qa.testLayer.StockBuyTest -->
